I2026-03-10 23:43:54.920955 instance.cpp:1416] Override Enabled Addons: {}
I2026-03-10 23:43:54.922605 instance.cpp:1417] Override Disabled Addons: {}
[2356574.089] {Default Queue}  -> wl_display#1.get_registry(new id wl_registry#2)
I2026-03-10 23:43:54.923968 addonmanager.cpp:204] Loaded addon wayland
I2026-03-10 23:43:54.925233 addonmanager.cpp:204] Loaded addon xcb
I2026-03-10 23:43:54.926777 addonmanager.cpp:204] Loaded addon quickphrase
I2026-03-10 23:43:54.926958 addonmanager.cpp:204] Loaded addon clipboard
I2026-03-10 23:43:54.927066 addonmanager.cpp:204] Loaded addon imselector
I2026-03-10 23:43:54.927543 keyboard.cpp:229] Attempting to load keyboard from: ["/nix/store/ndd2cy7nzalasnjrdyz48c90wg9fjzig-xkeyboard-config-2.46/etc/X11/xkb"] Rule: evdev
I2026-03-10 23:43:54.929411 addonmanager.cpp:204] Loaded addon keyboard
I2026-03-10 23:43:54.929621 addonmanager.cpp:204] Loaded addon waylandim
I2026-03-10 23:43:54.929754 addonmanager.cpp:204] Loaded addon unicode
I2026-03-10 23:43:54.930168 addonmanager.cpp:204] Loaded addon pinyinhelper
I2026-03-10 23:43:54.953877 addonmanager.cpp:204] Loaded addon dbus
I2026-03-10 23:43:54.954574 addonmanager.cpp:204] Loaded addon ibusfrontend
I2026-03-10 23:43:54.955136 addonmanager.cpp:204] Loaded addon xim
I2026-03-10 23:43:54.955453 addonmanager.cpp:204] Loaded addon dbusfrontend
I2026-03-10 23:43:54.955668 addonmanager.cpp:204] Loaded addon fcitx4frontend
I2026-03-10 23:43:54.970213 inputmethodmanager.cpp:210] Found 748 input method(s) in addon keyboard
I2026-03-10 23:43:54.970640 addonmanager.cpp:204] Loaded addon kimpanel
I2026-03-10 23:43:54.970813 addonmanager.cpp:204] Loaded addon virtualkeyboard
I2026-03-10 23:43:54.980471 classicui.cpp:111] Created classicui for wayland display:
I2026-03-10 23:43:54.980490 addonmanager.cpp:204] Loaded addon classicui
I2026-03-10 23:43:54.980720 addonmanager.cpp:204] Loaded addon notificationitem
I2026-03-10 23:43:54.980967 addonmanager.cpp:204] Loaded addon notifications
[2356632.775] {Default Queue} wl_registry#2.global(1, "wl_compositor", 6)
[2356632.786] {Default Queue}  -> wl_registry#2.bind(1, "wl_compositor", 6, new id [unknown]#3)
[2356632.795] {Default Queue} wl_registry#2.global(2, "wp_security_context_manager_v1", 1)
[2356632.797] {Default Queue} wl_registry#2.global(3, "wl_shm", 2)
[2356632.800] {Default Queue}  -> wl_registry#2.bind(3, "wl_shm", 1, new id [unknown]#4)
[2356633.045] {Default Queue}  -> wl_compositor#3.create_surface(new id wl_surface#5)
[2356633.056] {Default Queue} wl_registry#2.global(4, "wp_single_pixel_buffer_manager_v1", 1)
[2356633.059] {Default Queue} wl_registry#2.global(5, "wp_alpha_modifier_v1", 1)
[2356633.061] {Default Queue} wl_registry#2.global(6, "wp_viewporter", 1)
[2356633.063] {Default Queue}  -> wl_registry#2.bind(6, "wp_viewporter", 1, new id [unknown]#6)
[2356633.069] {Default Queue} wl_registry#2.global(7, "wp_fractional_scale_manager_v1", 1)
[2356633.071] {Default Queue}  -> wl_registry#2.bind(7, "wp_fractional_scale_manager_v1", 1, new id [unknown]#7)
[2356633.074] {Default Queue}  -> wp_viewporter#6.get_viewport(new id wp_viewport#8, wl_surface#5)
[2356633.077] {Default Queue}  -> wp_fractional_scale_manager_v1#7.get_fractional_scale(new id wp_fractional_scale_v1#9, wl_surface#5)
[2356633.080] {Default Queue} wl_registry#2.global(8, "wl_subcompositor", 1)
[2356633.082] {Default Queue} wl_registry#2.global(9, "wp_cursor_shape_manager_v1", 1)
[2356633.084] {Default Queue} wl_registry#2.global(10, "xdg_wm_base", 5)
[2356633.086] {Default Queue} wl_registry#2.global(11, "zxdg_decoration_manager_v1", 1)
[2356633.088] {Default Queue} wl_registry#2.global(12, "xdg_activation_v1", 1)
[2356633.090] {Default Queue} wl_registry#2.global(13, "wl_data_device_manager", 3)
[2356633.092] {Default Queue} wl_registry#2.global(14, "zwp_primary_selection_device_manager_v1", 1)
[2356633.094] {Default Queue} wl_registry#2.global(15, "ext_data_control_manager_v1", 1)
[2356633.097] {Default Queue}  -> wl_registry#2.bind(15, "ext_data_control_manager_v1", 1, new id [unknown]#10)
[2356633.104] {Default Queue} wl_registry#2.global(16, "zwlr_data_control_manager_v1", 2)
[2356633.115] {Default Queue}  -> wl_registry#2.bind(16, "zwlr_data_control_manager_v1", 2, new id [unknown]#11)
[2356633.118] {Default Queue} wl_registry#2.global(17, "zwlr_export_dmabuf_manager_v1", 1)
[2356633.120] {Default Queue} wl_registry#2.global(18, "zwlr_screencopy_manager_v1", 3)
[2356633.122] {Default Queue} wl_registry#2.global(19, "ext_image_copy_capture_manager_v1", 1)
[2356633.124] {Default Queue} wl_registry#2.global(20, "ext_output_image_capture_source_manager_v1", 1)
[2356633.126] {Default Queue} wl_registry#2.global(21, "ext_foreign_toplevel_list_v1", 1)
[2356633.128] {Default Queue} wl_registry#2.global(22, "wp_tearing_control_manager_v1", 1)
[2356633.130] {Default Queue} wl_registry#2.global(23, "zwp_linux_dmabuf_v1", 5)
[2356633.132] {Default Queue} wl_registry#2.global(24, "wp_linux_drm_syncobj_manager_v1", 1)
[2356633.134] {Default Queue} wl_registry#2.global(25, "river_window_manager_v1", 4)
[2356633.136] {Default Queue} wl_registry#2.global(26, "river_xkb_bindings_v1", 2)
[2356633.138] {Default Queue} wl_registry#2.global(27, "river_layer_shell_v1", 1)
[2356633.140] {Default Queue} wl_registry#2.global(28, "zwlr_layer_shell_v1", 4)
[2356633.142] {Default Queue} wl_registry#2.global(29, "zwlr_gamma_control_manager_v1", 1)
[2356633.143] {Default Queue} wl_registry#2.global(30, "wp_presentation", 2)
[2356633.146] {Default Queue} wl_registry#2.global(31, "zxdg_output_manager_v1", 3)
[2356633.148] {Default Queue} wl_registry#2.global(32, "zwlr_output_manager_v1", 4)
[2356633.149] {Default Queue} wl_registry#2.global(33, "zwlr_output_power_manager_v1", 1)
[2356633.151] {Default Queue} wl_registry#2.global(34, "river_input_manager_v1", 1)
[2356633.153] {Default Queue} wl_registry#2.global(35, "ext_idle_notifier_v1", 2)
[2356633.155] {Default Queue} wl_registry#2.global(36, "zwp_relative_pointer_manager_v1", 1)
[2356633.157] {Default Queue} wl_registry#2.global(37, "zwp_pointer_gestures_v1", 3)
[2356633.159] {Default Queue} wl_registry#2.global(38, "zwlr_virtual_pointer_manager_v1", 2)
[2356633.161] {Default Queue} wl_registry#2.global(39, "zwp_virtual_keyboard_manager_v1", 1)
[2356633.163] {Default Queue}  -> wl_registry#2.bind(39, "zwp_virtual_keyboard_manager_v1", 1, new id [unknown]#12)
[2356633.171] {Default Queue} wl_registry#2.global(40, "zwp_pointer_constraints_v1", 1)
[2356633.173] {Default Queue} wl_registry#2.global(41, "zwp_input_method_manager_v2", 1)
[2356633.176] {Default Queue}  -> wl_registry#2.bind(41, "zwp_input_method_manager_v2", 1, new id [unknown]#13)
[2356633.179] {Default Queue} wl_registry#2.global(42, "zwp_text_input_manager_v3", 1)
[2356633.181] {Default Queue} wl_registry#2.global(43, "zwp_tablet_manager_v2", 1)
[2356633.182] {Default Queue} wl_registry#2.global(44, "wl_seat", 9)
[2356633.184] {Default Queue}  -> wl_registry#2.bind(44, "wl_seat", 9, new id [unknown]#14)
[2356633.213] {Default Queue}  -> zwp_input_method_manager_v2#13.get_input_method(wl_seat#14, new id zwp_input_method_v2#15)
[2356633.224] {Default Queue} wl_registry#2.global(45, "river_libinput_config_v1", 1)
[2356633.226] {Default Queue} wl_registry#2.global(46, "river_xkb_config_v1", 1)
[2356633.228] {Default Queue} wl_registry#2.global(47, "zwp_idle_inhibit_manager_v1", 1)
[2356633.230] {Default Queue} wl_registry#2.global(48, "ext_session_lock_manager_v1", 1)
[2356633.232] {Default Queue} wl_registry#2.global(50, "wl_output", 4)
[2356633.235] {Default Queue}  -> wl_registry#2.bind(50, "wl_output", 4, new id [unknown]#16)
[2356633.254] {Default Queue}  -> ext_data_control_manager_v1#10.get_data_device(new id ext_data_control_device_v1#17, wl_seat#14)
I2026-03-10 23:43:54.983178 dbusmodule.cpp:841] Service name change: org.fcitx.Fcitx5  :1.0
[2356633.385] {Default Queue} wl_shm#4.format(0)
[2356633.388] {Default Queue} wl_shm#4.format(1)
[2356633.390] {Default Queue} wl_shm#4.format(875709016)
[2356633.391] {Default Queue} wl_shm#4.format(875708993)
[2356633.393] {Default Queue} wl_shm#4.format(875710274)
[2356633.394] {Default Queue} wl_shm#4.format(842094674)
[2356633.398] {Default Queue} wl_shm#4.format(842088786)
[2356633.400] {Default Queue} wl_shm#4.format(892426322)
[2356633.402] {Default Queue} wl_shm#4.format(892420434)
[2356633.403] {Default Queue} wl_shm#4.format(909199186)
[2356633.405] {Default Queue} wl_shm#4.format(808665688)
[2356633.406] {Default Queue} wl_shm#4.format(808665665)
[2356633.408] {Default Queue} wl_shm#4.format(1211384408)
[2356633.409] {Default Queue} wl_shm#4.format(1211384385)
[2356633.411] {Default Queue} wl_shm#4.format(942948952)
[2356633.412] {Default Queue} wl_shm#4.format(942948929)
[2356633.414] {Default Queue} wl_seat#14.name("default")
[2356633.415] {Default Queue} wl_seat#14.capabilities(3)
[2356633.418] {Default Queue}  -> wl_seat#14.get_keyboard(new id wl_keyboard#18)
[2356633.422] {Default Queue}  -> wl_seat#14.get_pointer(new id wl_pointer#19)
[2356633.425] {Default Queue} wl_output#16.geometry(0, 0, 600, 330, 0, "Hisense Electric Co., Ltd.", "27G5K-PRO+", 0)
[2356633.429] {Default Queue} wl_output#16.mode(1, 2560, 1440, 59951)
[2356633.431] {Default Queue} wl_output#16.scale(1)
[2356633.434] {Default Queue} wl_output#16.name("HDMI-A-1")
[2356633.435] {Default Queue} wl_output#16.description("Hisense Electric Co., Ltd. 27G5K-PRO+ WT6A83TAU0001 (HDMI-A-1)")
[2356633.437] {Default Queue} wl_output#16.done()
[2356633.439] {Default Queue} ext_data_control_device_v1#17.selection(nil)
[2356633.441] {Default Queue} ext_data_control_device_v1#17.primary_selection(nil)
[2356633.470] {Default Queue} zwp_input_method_v2#15.activate()
[2356633.472] {Default Queue} zwp_input_method_v2#15.text_change_cause(0)
[2356633.474] {Default Queue} zwp_input_method_v2#15.content_type(0, 13)
[2356633.478] {Default Queue} zwp_input_method_v2#15.done()
[2356633.480] {Default Queue}  -> zwp_virtual_keyboard_manager_v1#12.create_virtual_keyboard(wl_seat#14, new id zwp_virtual_keyboard_v1#20)
[2356633.484] {Default Queue}  -> zwp_input_method_v2#15.grab_keyboard(new id zwp_input_method_keyboard_grab_v2#21)
[2356633.521] {Default Queue} wl_keyboard#18.keymap(1, fd 29, 34229)
[2356633.525] {Default Queue} wl_keyboard#18.repeat_info(40, 400)
[2356633.544] {Default Queue} zwp_input_method_keyboard_grab_v2#21.keymap(1, fd 29, 34229)
[2356634.203] {Default Queue}  -> zwp_virtual_keyboard_v1#20.keymap(1, fd 31, 34229)
[2356634.212] {Default Queue} zwp_input_method_keyboard_grab_v2#21.repeat_info(40, 400)
[2356634.215] {Default Queue} zwp_input_method_keyboard_grab_v2#21.modifiers(127, 0, 0, 0, 0)
[2356634.218] {Default Queue}  -> zwp_virtual_keyboard_v1#20.modifiers(0, 0, 0, 0)
I2026-03-10 23:43:54.984090 kimpanel.cpp:116] Kimpanel new owner: 
I2026-03-10 23:43:54.984117 virtualkeyboard.cpp:218] VirtualKeyboard new owner: 
[2356635.452] {Default Queue} wl_keyboard#18.keymap(1, fd 29, 34229)
[2356635.461] {Default Queue} wl_keyboard#18.repeat_info(40, 400)
[2356813.362] {Default Queue}  -> zwp_input_method_v2#15.get_input_popup_surface(new id zwp_input_popup_surface_v2#22, wl_surface#5)
[2356813.401] {Default Queue}  -> wl_shm#4.create_pool(new id wl_shm_pool#23, fd 29, 5616)
[2356813.404] {Default Queue}  -> wl_shm_pool#23.create_buffer(new id wl_buffer#24, 0, 39, 36, 156, 0)
[2356813.519] {Default Queue}  -> wl_surface#5.frame(new id wl_callback#25)
[2356813.524] {Default Queue}  -> wl_surface#5.attach(wl_buffer#24, 0, 0)
[2356813.526] {Default Queue}  -> wl_surface#5.set_buffer_scale(1)
[2356813.528] {Default Queue}  -> wl_surface#5.damage(0, 0, 39, 36)
[2356813.530] {Default Queue}  -> wp_viewport#8.set_destination(39, 36)
[2356813.532] {Default Queue}  -> wl_surface#5.commit()
I2026-03-10 23:43:55.215332 portalsettingmonitor.cpp:97] A new portal show up, start a new query.
I2026-03-10 23:43:55.215396 portalsettingmonitor.cpp:97] A new portal show up, start a new query.
I2026-03-10 23:43:56.080419 waylandmodule.cpp:365] Connection removed 
[2357730.775] {Default Queue}  -> ext_data_control_device_v1#17.destroy()
[2357730.835] {Default Queue}  -> wl_surface#5.attach(nil, 0, 0)
[2357730.843] {Default Queue}  -> wl_surface#5.commit()
[2357730.848] {Default Queue}  -> zwp_input_popup_surface_v2#22.destroy()
[2357730.962] {Default Queue}  -> wp_viewport#8.destroy()
[2357730.975] {Default Queue}  -> wp_fractional_scale_v1#9.destroy()
[2357730.985] {Default Queue}  -> wl_surface#5.destroy()
[2357731.007] {Default Queue}  -> zwp_virtual_keyboard_v1#20.destroy()
[2357731.013] {Default Queue}  -> zwp_input_method_keyboard_grab_v2#21.release()
[2357731.025] {Default Queue}  -> zwp_input_method_v2#15.destroy()
=========================
Fcitx 5.1.16 -- Get Signal No.: 1
Date: try "date -d @1773153836" if you are using GNU date ***
ProcessID: 10285
fcitx5(+0x151a5) [0x560ec31261a5]
/nix/store/wb6rhpznjfczwlwx23zmdrrw74bayxw4-glibc-2.42-47/lib/libc.so.6(+0x42790) [0x7f8b22e42790]
/nix/store/wb6rhpznjfczwlwx23zmdrrw74bayxw4-glibc-2.42-47/lib/libc.so.6(+0xab68e) [0x7f8b22eab68e]
/nix/store/wb6rhpznjfczwlwx23zmdrrw74bayxw4-glibc-2.42-47/lib/libc.so.6(+0xacace) [0x7f8b22eacace]
/nix/store/wb6rhpznjfczwlwx23zmdrrw74bayxw4-glibc-2.42-47/lib/libc.so.6(+0xacd81) [0x7f8b22eacd81]
/nix/store/ni6pwnn5cg4mwm2fkmqrm2bzjvj16b64-libxkbcommon-1.11.0/lib/libxkbcommon.so.0(xkb_keymap_unref+0x118) [0x7f8b234df678]
/nix/store/yxjbja9jlzs883p9hp4g9i4dv577hs04-fcitx5-with-addons-5.1.16/lib/fcitx5/libwaylandim.so(+0x376d1) [0x7f8b217dd6d1]
/nix/store/yxjbja9jlzs883p9hp4g9i4dv577hs04-fcitx5-with-addons-5.1.16/lib/fcitx5/libwaylandim.so(+0x37771) [0x7f8b217dd771]
/nix/store/yxjbja9jlzs883p9hp4g9i4dv577hs04-fcitx5-with-addons-5.1.16/lib/fcitx5/libwaylandim.so(+0x1e669) [0x7f8b217c4669]
/nix/store/yxjbja9jlzs883p9hp4g9i4dv577hs04-fcitx5-with-addons-5.1.16/lib/fcitx5/libwayland.so(+0x1438c) [0x7f8b2234338c]
/nix/store/yxjbja9jlzs883p9hp4g9i4dv577hs04-fcitx5-with-addons-5.1.16/lib/fcitx5/libwayland.so(+0x18fda) [0x7f8b22347fda]
/nix/store/7gzkn6rnk4185ih99llwj4dmk00a60cj-fcitx5-5.1.16/lib/libFcitx5Utils.so.2(+0x7a70e) [0x7f8b235bb70e]
/nix/store/7gzkn6rnk4185ih99llwj4dmk00a60cj-fcitx5-5.1.16/lib/libFcitx5Utils.so.2(+0x66f41) [0x7f8b235a7f41]
/nix/store/7gzkn6rnk4185ih99llwj4dmk00a60cj-fcitx5-5.1.16/lib/libFcitx5Utils.so.2(+0x66100) [0x7f8b235a7100]
/nix/store/5j9cg6adv3d2l403fcfklz4lmf9fd0l8-systemd-258.3/lib/libsystemd.so.0(+0x5e636) [0x7f8b22860636]
/nix/store/5j9cg6adv3d2l403fcfklz4lmf9fd0l8-systemd-258.3/lib/libsystemd.so.0(sd_event_dispatch+0x17d) [0x7f8b2286096d]
/nix/store/5j9cg6adv3d2l403fcfklz4lmf9fd0l8-systemd-258.3/lib/libsystemd.so.0(sd_event_run+0xe8) [0x7f8b22861368]
/nix/store/5j9cg6adv3d2l403fcfklz4lmf9fd0l8-systemd-258.3/lib/libsystemd.so.0(sd_event_loop+0x87) [0x7f8b228615d7]
/nix/store/7gzkn6rnk4185ih99llwj4dmk00a60cj-fcitx5-5.1.16/lib/libFcitx5Utils.so.2(+0x652cd) [0x7f8b235a62cd]
/nix/store/7gzkn6rnk4185ih99llwj4dmk00a60cj-fcitx5-5.1.16/lib/libFcitx5Core.so.7(_ZN5fcitx8Instance4execEv+0x5b) [0x7f8b236cfa8b]
fcitx5(+0x13358) [0x560ec3124358]
/nix/store/wb6rhpznjfczwlwx23zmdrrw74bayxw4-glibc-2.42-47/lib/libc.so.6(+0x2b285) [0x7f8b22e2b285]
/nix/store/wb6rhpznjfczwlwx23zmdrrw74bayxw4-glibc-2.42-47/lib/libc.so.6(__libc_start_main+0x88) [0x7f8b22e2b338]
fcitx5(+0x14045) [0x560ec3125045]
[2357731.678] {Default Queue}  -> wl_buffer#24.destroy()
[2357731.707] {Default Queue}  -> wl_shm_pool#23.destroy()
=========================
Fcitx 5.1.16 -- Get Signal No.: 1
Date: try "date -d @1773153836" if you are using GNU date ***
ProcessID: 10285
fcitx5(+0x151a5) [0x560ec31261a5]
/nix/store/wb6rhpznjfczwlwx23zmdrrw74bayxw4-glibc-2.42-47/lib/libc.so.6(+0x42790) [0x7f8b22e42790]
/nix/store/wb6rhpznjfczwlwx23zmdrrw74bayxw4-glibc-2.42-47/lib/libc.so.6(__libc_free+0x6c) [0x7f8b22eafdbc]
/nix/store/cmpddlfv1l4g1y77z7g8pxmdhsqjz0w1-fontconfig-2.17.1-lib/lib/libfontconfig.so.1(+0x27cf5) [0x7f8b20dc3cf5]
/nix/store/cmpddlfv1l4g1y77z7g8pxmdhsqjz0w1-fontconfig-2.17.1-lib/lib/libfontconfig.so.1(+0x27df3) [0x7f8b20dc3df3]
/nix/store/fgzpllmvbk3l258j0f3ib7k44lksbqnp-glib-2.86.3/lib/libglib-2.0.so.0(+0x4ef0a) [0x7f8b22cedf0a]
/nix/store/fgzpllmvbk3l258j0f3ib7k44lksbqnp-glib-2.86.3/lib/libglib-2.0.so.0(g_hash_table_remove_all+0x64) [0x7f8b22cefca4]
/nix/store/fgzpllmvbk3l258j0f3ib7k44lksbqnp-glib-2.86.3/lib/libglib-2.0.so.0(g_hash_table_destroy+0x16) [0x7f8b22cefcf6]
/nix/store/pv79l02aklsd6sjh9wxrs9ip3k0a5rln-pango-1.57.0/lib/libpangoft2-1.0.so.0(+0xe0e6) [0x7f8b20f690e6]
/nix/store/pv79l02aklsd6sjh9wxrs9ip3k0a5rln-pango-1.57.0/lib/libpangoft2-1.0.so.0(pango_fc_font_map_shutdown+0x61) [0x7f8b20f6cae1]
/nix/store/pv79l02aklsd6sjh9wxrs9ip3k0a5rln-pango-1.57.0/lib/libpangoft2-1.0.so.0(+0x11b51) [0x7f8b20f6cb51]
/nix/store/fgzpllmvbk3l258j0f3ib7k44lksbqnp-glib-2.86.3/lib/libgobject-2.0.so.0(g_object_unref+0x3b0) [0x7f8b23095c20]
/nix/store/yxjbja9jlzs883p9hp4g9i4dv577hs04-fcitx5-with-addons-5.1.16/lib/fcitx5/libclassicui.so(+0x68404) [0x7f8b211ff404]
/nix/store/yxjbja9jlzs883p9hp4g9i4dv577hs04-fcitx5-with-addons-5.1.16/lib/fcitx5/libclassicui.so(+0x5c40d) [0x7f8b211f340d]
/nix/store/yxjbja9jlzs883p9hp4g9i4dv577hs04-fcitx5-with-addons-5.1.16/lib/fcitx5/libclassicui.so(+0x5c7a1) [0x7f8b211f37a1]
/nix/store/yxjbja9jlzs883p9hp4g9i4dv577hs04-fcitx5-with-addons-5.1.16/lib/fcitx5/libclassicui.so(+0x2d70a) [0x7f8b211c470a]
/nix/store/yxjbja9jlzs883p9hp4g9i4dv577hs04-fcitx5-with-addons-5.1.16/lib/fcitx5/libclassicui.so(+0x308ff) [0x7f8b211c78ff]
/nix/store/yxjbja9jlzs883p9hp4g9i4dv577hs04-fcitx5-with-addons-5.1.16/lib/fcitx5/libwayland.so(+0x1438c) [0x7f8b2234338c]
/nix/store/yxjbja9jlzs883p9hp4g9i4dv577hs04-fcitx5-with-addons-5.1.16/lib/fcitx5/libwayland.so(+0x18fda) [0x7f8b22347fda]
/nix/store/7gzkn6rnk4185ih99llwj4dmk00a60cj-fcitx5-5.1.16/lib/libFcitx5Utils.so.2(+0x7a70e) [0x7f8b235bb70e]
/nix/store/7gzkn6rnk4185ih99llwj4dmk00a60cj-fcitx5-5.1.16/lib/libFcitx5Utils.so.2(+0x66f41) [0x7f8b235a7f41]
/nix/store/7gzkn6rnk4185ih99llwj4dmk00a60cj-fcitx5-5.1.16/lib/libFcitx5Utils.so.2(+0x66100) [0x7f8b235a7100]
/nix/store/5j9cg6adv3d2l403fcfklz4lmf9fd0l8-systemd-258.3/lib/libsystemd.so.0(+0x5e636) [0x7f8b22860636]
/nix/store/5j9cg6adv3d2l403fcfklz4lmf9fd0l8-systemd-258.3/lib/libsystemd.so.0(sd_event_dispatch+0x17d) [0x7f8b2286096d]
/nix/store/5j9cg6adv3d2l403fcfklz4lmf9fd0l8-systemd-258.3/lib/libsystemd.so.0(sd_event_run+0xe8) [0x7f8b22861368]
/nix/store/5j9cg6adv3d2l403fcfklz4lmf9fd0l8-systemd-258.3/lib/libsystemd.so.0(sd_event_loop+0x87) [0x7f8b228615d7]
/nix/store/7gzkn6rnk4185ih99llwj4dmk00a60cj-fcitx5-5.1.16/lib/libFcitx5Utils.so.2(+0x652cd) [0x7f8b235a62cd]
/nix/store/7gzkn6rnk4185ih99llwj4dmk00a60cj-fcitx5-5.1.16/lib/libFcitx5Core.so.7(_ZN5fcitx8Instance4execEv+0x5b) [0x7f8b236cfa8b]
fcitx5(+0x13358) [0x560ec3124358]
/nix/store/wb6rhpznjfczwlwx23zmdrrw74bayxw4-glibc-2.42-47/lib/libc.so.6(+0x2b285) [0x7f8b22e2b285]
/nix/store/wb6rhpznjfczwlwx23zmdrrw74bayxw4-glibc-2.42-47/lib/libc.so.6(__libc_start_main+0x88) [0x7f8b22e2b338]
fcitx5(+0x14045) [0x560ec3125045]
[2357734.891] {Default Queue}  -> wl_pointer#19.release()
[2357734.948] {Default Queue}  -> wl_keyboard#18.release()
I2026-03-10 23:43:56.084783 inputcontextmanager.cpp:356] All display connections are gone, exit now.
[2357734.991] {Default Queue}  -> wl_output#16.release()
[2357734.995] {Default Queue}  -> wl_seat#14.release()
[2357734.999] {Default Queue}  -> zwp_input_method_manager_v2#13.destroy()
[2357735.004] {Default Queue}  -> wp_fractional_scale_manager_v1#7.destroy()
[2357735.006] {Default Queue}  -> wp_viewporter#6.destroy()
[2357735.011] {Default Queue}  -> ext_data_control_manager_v1#10.destroy()
[2357735.013] {Default Queue}  -> zwlr_data_control_manager_v1#11.destroy()
I2026-03-10 23:43:56.084947 addonmanager.cpp:306] Unloading addon notifications
I2026-03-10 23:43:56.084969 addonmanager.cpp:306] Unloading addon notificationitem
I2026-03-10 23:43:56.084995 addonmanager.cpp:306] Unloading addon classicui
I2026-03-10 23:43:56.085335 addonmanager.cpp:306] Unloading addon virtualkeyboard
I2026-03-10 23:43:56.085357 addonmanager.cpp:306] Unloading addon kimpanel
I2026-03-10 23:43:56.085372 addonmanager.cpp:306] Unloading addon fcitx4frontend
I2026-03-10 23:43:56.085393 addonmanager.cpp:306] Unloading addon dbusfrontend
I2026-03-10 23:43:56.085417 addonmanager.cpp:306] Unloading addon xim
I2026-03-10 23:43:56.085428 addonmanager.cpp:306] Unloading addon ibusfrontend
I2026-03-10 23:43:56.085685 addonmanager.cpp:306] Unloading addon dbus
I2026-03-10 23:43:56.085732 addonmanager.cpp:306] Unloading addon pinyinhelper
I2026-03-10 23:43:56.085748 addonmanager.cpp:306] Unloading addon unicode
I2026-03-10 23:43:56.085761 addonmanager.cpp:306] Unloading addon waylandim
I2026-03-10 23:43:56.085774 addonmanager.cpp:306] Unloading addon keyboard
I2026-03-10 23:43:56.085879 addonmanager.cpp:306] Unloading addon imselector
I2026-03-10 23:43:56.085891 addonmanager.cpp:306] Unloading addon clipboard
I2026-03-10 23:43:56.085905 addonmanager.cpp:306] Unloading addon quickphrase
I2026-03-10 23:43:56.086058 addonmanager.cpp:306] Unloading addon xcb
I2026-03-10 23:43:56.086068 addonmanager.cpp:306] Unloading addon wayland
